<?xml version="1.0" encoding="UTF-8"?>
<!-- Generated by org.testng.reporters.JUnitXMLReporter -->
<testsuite ignored="2" hostname="DESKTOP-IOSP2IF" failures="0" tests="0" time="0.026" errors="0" timestamp="2024-07-20T01:08:27 MYT">
  <testcase classname="tests.GoogleSearchTests" name="googleSearchTest" time="0.0">
    <ignored/>
  </testcase> <!-- googleSearchTest -->
  <testcase classname="tests.GoogleSearchTests" name="createShipment" time="0.0">
    <ignored/>
  </testcase> <!-- createShipment -->
</testsuite>
