<?xml version="1.0" encoding="UTF-8"?>
<testng-results ignored="0" total="2" passed="2" failed="0" skipped="0">
  <reporter-output>
  </reporter-output>
  <suite started-at="2024-07-20T15:12:41 MYT" name="Default suite" finished-at="2024-07-20T15:15:22 MYT" duration-ms="160826">
    <groups>
    </groups>
    <test started-at="2024-07-20T15:12:41 MYT" name="Default test" finished-at="2024-07-20T15:15:22 MYT" duration-ms="160826">
      <class name="tests.GoogleSearchTests">
        <test-method is-config="true" signature="initalize()[pri:0, instance:tests.GoogleSearchTests@5c7933ad]" started-at="2024-07-20T15:12:37 MYT" name="initalize" finished-at="2024-07-20T15:12:41 MYT" duration-ms="4208" status="PASS">
          <reporter-output>
          </reporter-output>
        </test-method> <!-- initalize -->
        <test-method signature="googleSearchTest()[pri:0, instance:tests.GoogleSearchTests@5c7933ad]" started-at="2024-07-20T15:12:41 MYT" name="googleSearchTest" finished-at="2024-07-20T15:12:49 MYT" duration-ms="7988" status="PASS">
          <reporter-output>
          </reporter-output>
        </test-method> <!-- googleSearchTest -->
        <test-method signature="createShipment()[pri:0, instance:tests.GoogleSearchTests@5c7933ad]" started-at="2024-07-20T15:12:49 MYT" name="createShipment" finished-at="2024-07-20T15:15:22 MYT" depends-on-methods="tests.GoogleSearchTests.googleSearchTest" duration-ms="152739" status="PASS">
          <reporter-output>
          </reporter-output>
        </test-method> <!-- createShipment -->
        <test-method is-config="true" signature="quitDriver()[pri:0, instance:tests.GoogleSearchTests@5c7933ad]" started-at="2024-07-20T15:15:22 MYT" name="quitDriver" finished-at="2024-07-20T15:15:22 MYT" duration-ms="432" status="PASS">
          <reporter-output>
          </reporter-output>
        </test-method> <!-- quitDriver -->
      </class> <!-- tests.GoogleSearchTests -->
    </test> <!-- Default test -->
  </suite> <!-- Default suite -->
</testng-results>
