<?xml version="1.0" encoding="UTF-8"?>
<testng-results ignored="0" total="2" passed="2" failed="0" skipped="0">
  <reporter-output>
  </reporter-output>
  <suite started-at="2024-07-22T18:01:08 MYT" name="Default suite" finished-at="2024-07-22T18:01:32 MYT" duration-ms="23882">
    <groups>
    </groups>
    <test started-at="2024-07-22T18:01:08 MYT" name="Default test" finished-at="2024-07-22T18:01:32 MYT" duration-ms="23882">
      <class name="tests.GoogleSearchTests">
        <test-method is-config="true" signature="initalize()[pri:0, instance:tests.GoogleSearchTests@1ff4931d]" started-at="2024-07-22T18:01:04 MYT" name="initalize" finished-at="2024-07-22T18:01:08 MYT" duration-ms="4210" status="PASS">
          <reporter-output>
          </reporter-output>
        </test-method> <!-- initalize -->
        <test-method signature="posOffersBuyInsurance()[pri:0, instance:tests.GoogleSearchTests@1ff4931d]" started-at="2024-07-22T18:01:08 MYT" name="posOffersBuyInsurance" finished-at="2024-07-22T18:01:18 MYT" duration-ms="9319" status="PASS">
          <reporter-output>
          </reporter-output>
        </test-method> <!-- posOffersBuyInsurance -->
        <test-method signature="createShipment()[pri:0, instance:tests.GoogleSearchTests@1ff4931d]" started-at="2024-07-22T18:01:18 MYT" name="createShipment" finished-at="2024-07-22T18:01:32 MYT" depends-on-methods="tests.GoogleSearchTests.posOffersBuyInsurance" duration-ms="14446" status="PASS">
          <reporter-output>
          </reporter-output>
        </test-method> <!-- createShipment -->
        <test-method is-config="true" signature="quitDriver()[pri:0, instance:tests.GoogleSearchTests@1ff4931d]" started-at="2024-07-22T18:01:32 MYT" name="quitDriver" finished-at="2024-07-22T18:01:36 MYT" duration-ms="4191" status="PASS">
          <reporter-output>
          </reporter-output>
        </test-method> <!-- quitDriver -->
      </class> <!-- tests.GoogleSearchTests -->
    </test> <!-- Default test -->
  </suite> <!-- Default suite -->
</testng-results>
